------------------------------------------------------------------------------------------------------------------------

[2013-08-12 04:08:15 #1 store] 
Database 'C:\Users\Yuriy\myDbFile.odb' is opened by 8320@yuriy-pc

------------------------------------------------------------------------------------------------------------------------

[2013-08-12 04:09:53 #1 store] 
Database 'C:\Users\Yuriy\test.odb' is opened by 3980@yuriy-pc

[2013-08-12 04:10:23 #2 type.registry] 
New type com.ru.reksoft.contacts.Contact

------------------------------------------------------------------------------------------------------------------------

[2013-08-12 04:11:00 #1 store] 
Database 'C:\Users\Yuriy\test.odb' has been recovered (tr. 1-3)

[2013-08-12 04:11:01 #2 store] 
Database 'C:\Users\Yuriy\test.odb' is opened by 4256@yuriy-pc

------------------------------------------------------------------------------------------------------------------------

[2013-08-12 04:12:25 #1 store] 
Database 'C:\Users\Yuriy\test.odb' is opened by 8772@yuriy-pc

------------------------------------------------------------------------------------------------------------------------

[2013-08-12 04:14:09 #1 store] 
Database 'C:\Users\Yuriy\test.odb' is opened by 1920@yuriy-pc

------------------------------------------------------------------------------------------------------------------------

[2013-08-12 06:00:18 #1 store] 
Database 'C:\Users\Yuriy\test.odb' is opened by 3980@yuriy-pc

[2013-08-12 06:00:18 #2 type] 
Type com.ru.reksoft.contacts.Contact is not enhanced.

[2013-08-12 06:00:18 #3 type.registry] 
New type com.google.i18n.phonenumbers.Phonenumber$PhoneNumber

------------------------------------------------------------------------------------------------------------------------

[2013-08-12 06:12:07 #1 store] 
Database 'C:\Users\Yuriy\test.odb' has been recovered (tr. 4-4)

[2013-08-12 06:12:07 #2 store] 
Database 'C:\Users\Yuriy\test.odb' is opened by 3576@yuriy-pc

[2013-08-12 06:12:07 #3 type] 
Type com.ru.reksoft.contacts.Contact is not enhanced.

------------------------------------------------------------------------------------------------------------------------

[2013-08-12 06:12:32 #1 store] 
Database 'C:\Users\Yuriy\test.odb' is opened by 7992@yuriy-pc

[2013-08-12 06:12:32 #2 type] 
Type com.ru.reksoft.contacts.Contact is not enhanced.

------------------------------------------------------------------------------------------------------------------------

[2013-08-12 06:25:39 #1 store] 
Database 'C:\Users\Yuriy\test.odb' is opened by 3036@yuriy-pc

[2013-08-12 06:25:39 #2 type] 
Type com.ru.reksoft.contacts.Contact is not enhanced.

------------------------------------------------------------------------------------------------------------------------

[2013-08-12 06:26:15 #1 store] 
Database 'C:\Users\Yuriy\test.odb' is opened by 8712@yuriy-pc

[2013-08-12 06:26:15 #2 type] 
Type com.ru.reksoft.contacts.Contact is not enhanced.

------------------------------------------------------------------------------------------------------------------------

[2013-08-12 06:27:06 #1 store] 
Database 'C:\Users\Yuriy\test.odb' is opened by 8140@yuriy-pc

[2013-08-12 06:27:07 #2 type] 
Type com.ru.reksoft.contacts.Contact is not enhanced.

------------------------------------------------------------------------------------------------------------------------

[2013-08-12 06:31:12 #1 store] 
Database 'C:\Users\Yuriy\test.odb' is opened by 6948@yuriy-pc

[2013-08-12 06:31:13 #2 type] 
Type com.ru.reksoft.contacts.Contact is not enhanced.

------------------------------------------------------------------------------------------------------------------------

[2013-08-12 06:35:11 #1 store] 
Database 'C:\Users\Yuriy\test.odb' is opened by 2096@yuriy-pc

[2013-08-12 06:35:11 #2 type] 
Type com.ru.reksoft.contacts.Contact is not enhanced.

------------------------------------------------------------------------------------------------------------------------

[2013-08-12 06:35:59 #1 store] 
Database 'C:\Users\Yuriy\test.odb' is opened by 7680@yuriy-pc

[2013-08-12 06:35:59 #2 type] 
Type com.ru.reksoft.contacts.Contact is not enhanced.

[2013-08-12 06:35:59 #3 type.registry] 
New type java.util.LinkedList<java.lang.Object>

[2013-08-12 06:35:59 #4 type.registry] 
New type java.util.LinkedList<com.google.i18n.phonenumbers.Phonenumber$PhoneNumber>

------------------------------------------------------------------------------------------------------------------------

[2013-08-12 06:46:10 #1 store] 
Database 'C:\Users\Yuriy\test.odb' has been recovered (tr. 5-6)

[2013-08-12 06:46:10 #2 store] 
Database 'C:\Users\Yuriy\test.odb' is opened by 6604@yuriy-pc

[2013-08-12 06:46:10 #3 type] 
Type com.ru.reksoft.contacts.Contact is not enhanced.

------------------------------------------------------------------------------------------------------------------------

[2013-08-12 06:46:30 #1 store] 
Database 'C:\Users\Yuriy\test.odb' is opened by 4772@yuriy-pc

[2013-08-12 06:46:30 #2 type] 
Type com.ru.reksoft.contacts.Contact is not enhanced.

[2013-08-12 06:46:30 #3 type.registry] 
New type com.ru.reksoft.contacts.Contact$PNumber

[2013-08-12 06:46:30 #4 type] 
Type com.ru.reksoft.contacts.Contact$PNumber is not enhanced.

[2013-08-12 06:46:30 #5 type.registry] 
New type java.util.LinkedList<com.ru.reksoft.contacts.Contact$PNumber>

------------------------------------------------------------------------------------------------------------------------

[2013-08-12 06:52:19 #1 store] 
Database 'C:\Users\Yuriy\test.odb' has been recovered (tr. 7-8)

[2013-08-12 06:52:19 #2 store] 
Database 'C:\Users\Yuriy\test.odb' is opened by 5884@yuriy-pc

[2013-08-12 06:52:19 #3 type] 
Type com.ru.reksoft.contacts.Contact is not enhanced.

[2013-08-12 06:52:19 #4 type] 
Type com.ru.reksoft.contacts.Contact$PNumber is not enhanced.

------------------------------------------------------------------------------------------------------------------------

[2013-08-12 06:53:46 #1 store] 
Database 'C:\Users\Yuriy\test.odb' has been recovered (tr. 9-10)

[2013-08-12 06:53:46 #2 store] 
Database 'C:\Users\Yuriy\test.odb' is opened by 8456@yuriy-pc

[2013-08-12 06:53:46 #3 type] 
Type com.ru.reksoft.contacts.Contact is not enhanced.

[2013-08-12 06:53:46 #4 type] 
Type com.ru.reksoft.contacts.Contact$PNumber is not enhanced.

------------------------------------------------------------------------------------------------------------------------

[2013-08-12 06:54:35 #1 store] 
Database 'C:\Users\Yuriy\test.odb' has been recovered (tr. 11-11)

[2013-08-12 06:54:35 #2 store] 
Database 'C:\Users\Yuriy\test.odb' is opened by 5528@yuriy-pc

[2013-08-12 06:54:35 #3 type] 
Type com.ru.reksoft.contacts.Contact is not enhanced.

[2013-08-12 06:54:35 #4 type] 
Type com.ru.reksoft.contacts.Contact$PNumber is not enhanced.

------------------------------------------------------------------------------------------------------------------------

[2013-08-12 06:55:52 #1 store] 
Database 'C:\Users\Yuriy\test.odb' is opened by 2188@yuriy-pc

[2013-08-12 06:55:52 #2 type] 
Type com.ru.reksoft.contacts.Contact is not enhanced.

[2013-08-12 06:55:52 #3 type] 
Type com.ru.reksoft.contacts.Contact$PNumber is not enhanced.

------------------------------------------------------------------------------------------------------------------------

[2013-08-12 06:57:33 #1 store] 
Database 'C:\Users\Yuriy\test.odb' has been recovered (tr. 12-12)

[2013-08-12 06:57:33 #2 store] 
Database 'C:\Users\Yuriy\test.odb' is opened by 8380@yuriy-pc

[2013-08-12 06:57:34 #3 type] 
Type com.ru.reksoft.contacts.Contact is not enhanced.

[2013-08-12 06:57:34 #4 type] 
Type com.ru.reksoft.contacts.Contact$PNumber is not enhanced.

------------------------------------------------------------------------------------------------------------------------

[2013-08-12 06:59:30 #1 store] 
Database 'C:\Users\Yuriy\test.odb' has been recovered (tr. 13-13)

[2013-08-12 06:59:30 #2 store] 
Database 'C:\Users\Yuriy\test.odb' is opened by 3776@yuriy-pc

[2013-08-12 06:59:30 #3 type] 
Type com.ru.reksoft.contacts.Contact is not enhanced.

[2013-08-12 06:59:30 #4 type] 
Type com.ru.reksoft.contacts.Contact$PNumber is not enhanced.

------------------------------------------------------------------------------------------------------------------------

[2013-08-12 06:59:49 #1 store] 
Database 'C:\Users\Yuriy\test.odb' has been recovered (tr. 14-15)

[2013-08-12 06:59:49 #2 store] 
Database 'C:\Users\Yuriy\test.odb' is opened by 4040@yuriy-pc

[2013-08-12 06:59:49 #3 type] 
Type com.ru.reksoft.contacts.Contact is not enhanced.

[2013-08-12 06:59:49 #4 type] 
Type com.ru.reksoft.contacts.Contact$PNumber is not enhanced.

------------------------------------------------------------------------------------------------------------------------

[2013-08-12 07:00:25 #1 store] 
Database 'C:\Users\Yuriy\test.odb' is opened by 9208@yuriy-pc

[2013-08-12 07:00:26 #2 type] 
Type com.ru.reksoft.contacts.Contact is not enhanced.

[2013-08-12 07:00:26 #3 type] 
Type com.ru.reksoft.contacts.Contact$PNumber is not enhanced.

------------------------------------------------------------------------------------------------------------------------

[2013-08-12 07:00:40 #1 store] 
Database 'C:\Users\Yuriy\test.odb' has been recovered (tr. 16-16)

[2013-08-12 07:00:40 #2 store] 
Database 'C:\Users\Yuriy\test.odb' is opened by 5192@yuriy-pc

[2013-08-12 07:00:41 #3 type] 
Type com.ru.reksoft.contacts.Contact is not enhanced.

[2013-08-12 07:00:41 #4 type] 
Type com.ru.reksoft.contacts.Contact$PNumber is not enhanced.

------------------------------------------------------------------------------------------------------------------------

[2013-08-12 07:01:04 #1 store] 
Database 'C:\Users\Yuriy\test.odb' is opened by 6616@yuriy-pc

[2013-08-12 07:01:04 #2 type] 
Type com.ru.reksoft.contacts.Contact is not enhanced.

[2013-08-12 07:01:04 #3 type] 
Type com.ru.reksoft.contacts.Contact$PNumber is not enhanced.

------------------------------------------------------------------------------------------------------------------------

[2013-08-12 07:01:55 #1 store] 
Database 'C:\Users\Yuriy\test.odb' is opened by 8468@yuriy-pc

[2013-08-12 07:01:55 #2 type] 
Type com.ru.reksoft.contacts.Contact is not enhanced.

[2013-08-12 07:01:55 #3 type] 
Type com.ru.reksoft.contacts.Contact$PNumber is not enhanced.

------------------------------------------------------------------------------------------------------------------------

[2013-08-12 07:02:52 #1 store] 
Database 'C:\Users\Yuriy\test.odb' is opened by 5728@yuriy-pc

[2013-08-12 07:02:52 #2 type] 
Type com.ru.reksoft.contacts.Contact is not enhanced.

[2013-08-12 07:02:52 #3 type] 
Type com.ru.reksoft.contacts.Contact$PNumber is not enhanced.

------------------------------------------------------------------------------------------------------------------------

[2013-08-12 07:03:48 #1 store] 
Database 'C:\Users\Yuriy\test.odb' is opened by 7240@yuriy-pc

[2013-08-12 07:03:48 #2 type] 
Type com.ru.reksoft.contacts.Contact is not enhanced.

[2013-08-12 07:03:48 #3 type] 
Type com.ru.reksoft.contacts.Contact$PNumber is not enhanced.

------------------------------------------------------------------------------------------------------------------------

[2013-08-12 07:03:59 #1 store] 
Database 'C:\Users\Yuriy\test.odb' is opened by 7024@yuriy-pc

[2013-08-12 07:03:59 #2 type] 
Type com.ru.reksoft.contacts.Contact is not enhanced.

[2013-08-12 07:03:59 #3 type] 
Type com.ru.reksoft.contacts.Contact$PNumber is not enhanced.

------------------------------------------------------------------------------------------------------------------------

[2013-08-12 07:05:18 #1 store] 
Database 'C:\Users\Yuriy\test.odb' is opened by 7052@yuriy-pc

[2013-08-12 07:05:18 #2 type] 
Type com.ru.reksoft.contacts.Contact is not enhanced.

[2013-08-12 07:05:18 #3 type] 
Type com.ru.reksoft.contacts.Contact$PNumber is not enhanced.

------------------------------------------------------------------------------------------------------------------------

[2013-08-12 07:05:45 #1 store] 
Database 'C:\Users\Yuriy\test.odb' is opened by 6776@yuriy-pc

[2013-08-12 07:05:45 #2 type] 
Type com.ru.reksoft.contacts.Contact is not enhanced.

[2013-08-12 07:05:45 #3 type] 
Type com.ru.reksoft.contacts.Contact$PNumber is not enhanced.

------------------------------------------------------------------------------------------------------------------------

[2013-08-12 07:06:14 #1 store] 
Database 'C:\Users\Yuriy\test.odb' is opened by 7888@yuriy-pc

[2013-08-12 07:06:14 #2 type] 
Type com.ru.reksoft.contacts.Contact is not enhanced.

[2013-08-12 07:06:14 #3 type] 
Type com.ru.reksoft.contacts.Contact$PNumber is not enhanced.

------------------------------------------------------------------------------------------------------------------------

[2013-08-12 07:06:40 #1 store] 
Database 'C:\Users\Yuriy\test.odb' is opened by 2516@yuriy-pc

[2013-08-12 07:06:40 #2 type] 
Type com.ru.reksoft.contacts.Contact is not enhanced.

[2013-08-12 07:06:40 #3 type] 
Type com.ru.reksoft.contacts.Contact$PNumber is not enhanced.

------------------------------------------------------------------------------------------------------------------------

[2013-08-12 07:14:40 #1 store] 
Database 'C:\Users\Yuriy\test.odb' has been recovered (tr. 17-17)

[2013-08-12 07:14:40 #2 store] 
Database 'C:\Users\Yuriy\test.odb' is opened by 8872@yuriy-pc

[2013-08-12 07:14:40 #3 type] 
Type com.ru.reksoft.contacts.Contact is not enhanced.

[2013-08-12 07:14:40 #4 type] 
Type com.ru.reksoft.contacts.Contact$PNumber is not enhanced.

------------------------------------------------------------------------------------------------------------------------

[2013-08-12 07:15:23 #1 store] 
Database 'C:\Users\Yuriy\test.odb' has been recovered (tr. 18-18)

[2013-08-12 07:15:23 #2 store] 
Database 'C:\Users\Yuriy\test.odb' is opened by 4040@yuriy-pc

[2013-08-12 07:15:23 #3 type] 
Type com.ru.reksoft.contacts.Contact is not enhanced.

[2013-08-12 07:15:23 #4 type] 
Type com.ru.reksoft.contacts.Contact$PNumber is not enhanced.

------------------------------------------------------------------------------------------------------------------------

[2013-08-12 07:15:47 #1 store] 
Database 'C:\Users\Yuriy\test.odb' is opened by 3716@yuriy-pc

[2013-08-12 07:15:47 #2 type] 
Type com.ru.reksoft.contacts.Contact is not enhanced.

[2013-08-12 07:15:47 #3 type] 
Type com.ru.reksoft.contacts.Contact$PNumber is not enhanced.

------------------------------------------------------------------------------------------------------------------------

[2013-08-12 07:16:03 #1 store] 
Database 'C:\Users\Yuriy\Documents\GitHub\java-contacts\any.odb' is opened by 3160@yuriy-pc

[2013-08-12 07:16:03 #2 type.registry] 
New type com.ru.reksoft.contacts.Contact

[2013-08-12 07:16:03 #3 type] 
Type com.ru.reksoft.contacts.Contact is not enhanced.

[2013-08-12 07:16:03 #4 type.registry] 
New type com.ru.reksoft.contacts.Contact$PNumber

[2013-08-12 07:16:03 #5 type] 
Type com.ru.reksoft.contacts.Contact$PNumber is not enhanced.

------------------------------------------------------------------------------------------------------------------------

[2013-08-12 07:18:23 #1 store] 
Database 'C:\Users\Yuriy\Documents\GitHub\java-contacts\any.odb' has been recovered (tr. 1-3)

[2013-08-12 07:18:23 #2 store] 
Database 'C:\Users\Yuriy\Documents\GitHub\java-contacts\any.odb' is opened by 8480@yuriy-pc

[2013-08-12 07:18:23 #3 type] 
Type com.ru.reksoft.contacts.Contact is not enhanced.

[2013-08-12 07:18:23 #4 type] 
Type com.ru.reksoft.contacts.Contact$PNumber is not enhanced.

------------------------------------------------------------------------------------------------------------------------

[2013-08-12 07:18:58 #1 store] 
Database 'C:\Users\Yuriy\Documents\GitHub\java-contacts\any.odb' is opened by 1544@yuriy-pc

[2013-08-12 07:18:58 #2 type] 
Type com.ru.reksoft.contacts.Contact is not enhanced.

[2013-08-12 07:18:58 #3 type] 
Type com.ru.reksoft.contacts.Contact$PNumber is not enhanced.

------------------------------------------------------------------------------------------------------------------------

[2013-08-12 07:19:10 #1 store] 
Database 'C:\Users\Yuriy\Documents\GitHub\java-contacts\any.odb' is opened by 6828@yuriy-pc

[2013-08-12 07:19:11 #2 type] 
Type com.ru.reksoft.contacts.Contact is not enhanced.

[2013-08-12 07:19:11 #3 type] 
Type com.ru.reksoft.contacts.Contact$PNumber is not enhanced.

[2013-08-12 07:19:11 #4 type.registry] 
New type java.util.LinkedList<java.lang.Object>

[2013-08-12 07:19:11 #5 type.registry] 
New type java.util.LinkedList<com.ru.reksoft.contacts.Contact$PNumber>

------------------------------------------------------------------------------------------------------------------------

[2013-08-12 07:20:04 #1 store] 
Database 'C:\Users\Yuriy\Documents\GitHub\java-contacts\any.odb' has been recovered (tr. 4-6)

[2013-08-12 07:20:04 #2 store] 
Database 'C:\Users\Yuriy\Documents\GitHub\java-contacts\any.odb' is opened by 7836@yuriy-pc

[2013-08-12 07:20:05 #3 type] 
Type com.ru.reksoft.contacts.Contact is not enhanced.

[2013-08-12 07:20:05 #4 type] 
Type com.ru.reksoft.contacts.Contact$PNumber is not enhanced.

------------------------------------------------------------------------------------------------------------------------

[2013-08-12 07:21:30 #1 store] 
Database 'C:\Users\Yuriy\Documents\GitHub\java-contacts\any.odb' is opened by 7792@yuriy-pc

[2013-08-12 07:21:30 #2 type] 
Type com.ru.reksoft.contacts.Contact is not enhanced.

[2013-08-12 07:21:30 #3 type] 
Type com.ru.reksoft.contacts.Contact$PNumber is not enhanced.

------------------------------------------------------------------------------------------------------------------------

[2013-08-12 07:22:16 #1 store] 
Database 'C:\Users\Yuriy\Documents\GitHub\java-contacts\any.odb' is opened by 7836@yuriy-pc

[2013-08-12 07:22:16 #2 type] 
Type com.ru.reksoft.contacts.Contact is not enhanced.

[2013-08-12 07:22:16 #3 type] 
Type com.ru.reksoft.contacts.Contact$PNumber is not enhanced.

------------------------------------------------------------------------------------------------------------------------

[2013-08-12 07:23:44 #1 store] 
Database 'C:\Users\Yuriy\Documents\GitHub\java-contacts\any.odb' has been recovered (tr. 7-7)

[2013-08-12 07:23:44 #2 store] 
Database 'C:\Users\Yuriy\Documents\GitHub\java-contacts\any.odb' is opened by 8408@yuriy-pc

[2013-08-12 07:23:44 #3 type] 
Type com.ru.reksoft.contacts.Contact is not enhanced.

[2013-08-12 07:23:44 #4 type] 
Type com.ru.reksoft.contacts.Contact$PNumber is not enhanced.

------------------------------------------------------------------------------------------------------------------------

[2013-08-12 07:39:06 #1 store] 
Database 'C:\Users\Yuriy\Documents\GitHub\java-contacts\any.odb' has been recovered (tr. 8-8)

[2013-08-12 07:39:06 #2 store] 
Database 'C:\Users\Yuriy\Documents\GitHub\java-contacts\any.odb' is opened by 7948@yuriy-pc

[2013-08-12 07:39:06 #3 type] 
Type com.ru.reksoft.contacts.Contact is not enhanced.

[2013-08-12 07:39:06 #4 type] 
Type com.ru.reksoft.contacts.Contact$PNumber is not enhanced.

------------------------------------------------------------------------------------------------------------------------

[2013-08-12 07:41:01 #1 store] 
Database 'C:\Users\Yuriy\Documents\GitHub\java-contacts\any.odb' has been recovered (tr. 9-9)

[2013-08-12 07:41:01 #2 store] 
Database 'C:\Users\Yuriy\Documents\GitHub\java-contacts\any.odb' is opened by 3972@yuriy-pc

[2013-08-12 07:41:02 #3 type] 
Type com.ru.reksoft.contacts.Contact is not enhanced.

[2013-08-12 07:41:02 #4 type] 
Type com.ru.reksoft.contacts.Contact$PNumber is not enhanced.

------------------------------------------------------------------------------------------------------------------------

[2013-08-12 07:41:24 #1 store] 
Database 'C:\Users\Yuriy\Documents\GitHub\java-contacts\any.odb' has been recovered (tr. 10-10)

[2013-08-12 07:41:24 #2 store] 
Database 'C:\Users\Yuriy\Documents\GitHub\java-contacts\any.odb' is opened by 6272@yuriy-pc

[2013-08-12 07:41:24 #3 type] 
Type com.ru.reksoft.contacts.Contact is not enhanced.

[2013-08-12 07:41:24 #4 type] 
Type com.ru.reksoft.contacts.Contact$PNumber is not enhanced.

------------------------------------------------------------------------------------------------------------------------

[2013-08-12 07:41:35 #1 store] 
Database 'C:\Users\Yuriy\Documents\GitHub\java-contacts\any.odb' is opened by 8556@yuriy-pc

[2013-08-12 07:41:35 #2 type] 
Type com.ru.reksoft.contacts.Contact is not enhanced.

[2013-08-12 07:41:35 #3 type] 
Type com.ru.reksoft.contacts.Contact$PNumber is not enhanced.

------------------------------------------------------------------------------------------------------------------------

[2013-08-12 07:50:11 #1 store] 
Database 'C:\Users\Yuriy\Documents\GitHub\java-contacts\any.odb' has been recovered (tr. 11-11)

[2013-08-12 07:50:11 #2 store] 
Database 'C:\Users\Yuriy\Documents\GitHub\java-contacts\any.odb' is opened by 7632@yuriy-pc

[2013-08-12 07:50:11 #3 type] 
Type com.ru.reksoft.contacts.Contact is not enhanced.

[2013-08-12 07:50:11 #4 type] 
Type com.ru.reksoft.contacts.Contact$PNumber is not enhanced.

------------------------------------------------------------------------------------------------------------------------

[2013-08-12 07:50:27 #1 store] 
Database 'C:\Users\Yuriy\Documents\GitHub\java-contacts\any.odb' has been recovered (tr. 12-12)

[2013-08-12 07:50:27 #2 store] 
Database 'C:\Users\Yuriy\Documents\GitHub\java-contacts\any.odb' is opened by 576@yuriy-pc

[2013-08-12 07:50:27 #3 type] 
Type com.ru.reksoft.contacts.Contact is not enhanced.

[2013-08-12 07:50:27 #4 type] 
Type com.ru.reksoft.contacts.Contact$PNumber is not enhanced.

------------------------------------------------------------------------------------------------------------------------

[2013-08-12 08:02:54 #1 store] 
Database 'C:\Users\Yuriy\Documents\GitHub\java-contacts\any.odb' has been recovered (tr. 13-13)

[2013-08-12 08:02:54 #2 store] 
Database 'C:\Users\Yuriy\Documents\GitHub\java-contacts\any.odb' is opened by 7296@yuriy-pc

[2013-08-12 08:02:54 #3 type] 
Type com.ru.reksoft.contacts.Contact is not enhanced.

[2013-08-12 08:02:54 #4 type] 
Type com.ru.reksoft.contacts.Contact$PNumber is not enhanced.

------------------------------------------------------------------------------------------------------------------------

[2013-08-12 08:03:15 #1 store] 
Database 'C:\Users\Yuriy\Documents\GitHub\java-contacts\any.odb' is opened by 5896@yuriy-pc

[2013-08-12 08:03:15 #2 type] 
Type com.ru.reksoft.contacts.Contact is not enhanced.

[2013-08-12 08:03:15 #3 type] 
Type com.ru.reksoft.contacts.Contact$PNumber is not enhanced.

