------------------------------------------------------------------------------------------------------------------------

[2013-08-13 03:44:40 #1 store] 
Database 'C:\Users\Yuriy\contact-list\contacts.odb' is opened by 3560@yuriy-pc

------------------------------------------------------------------------------------------------------------------------

[2013-08-13 03:46:22 #1 store] 
Database 'C:\Users\Yuriy\contact-list\contacts.odb' has been recovered (tr. 1-2)

[2013-08-13 03:46:22 #2 store] 
Database 'C:\Users\Yuriy\contact-list\contacts.odb' is opened by 7248@yuriy-pc

------------------------------------------------------------------------------------------------------------------------

[2013-08-13 03:46:42 #1 store] 
Database 'C:\Users\Yuriy\contact-list\contacts.odb' is opened by 8476@yuriy-pc

------------------------------------------------------------------------------------------------------------------------

[2013-08-13 03:51:53 #1 store] 
Database 'C:\Users\Yuriy\contact-list\contacts.odb' is opened by 8636@yuriy-pc

------------------------------------------------------------------------------------------------------------------------

[2013-08-13 03:52:24 #1 store] 
Database 'C:\Users\Yuriy\contact-list\contacts.odb' is opened by 5224@yuriy-pc

------------------------------------------------------------------------------------------------------------------------

[2013-08-13 03:53:32 #1 store] 
Database 'C:\Users\Yuriy\contact-list\contacts.odb' is opened by 8496@yuriy-pc

[2013-08-13 03:54:27 #2 type.registry] 
New type com.ru.reksoft.contacts.Contact

[2013-08-13 03:54:27 #3 type] 
Type com.ru.reksoft.contacts.Contact is not enhanced.

[2013-08-13 03:54:27 #4 type.registry] 
New type com.ru.reksoft.contacts.Contact$PNumber

[2013-08-13 03:54:27 #5 type] 
Type com.ru.reksoft.contacts.Contact$PNumber is not enhanced.

------------------------------------------------------------------------------------------------------------------------

[2013-08-13 04:00:03 #1 store] 
Database 'C:\Users\Yuriy\contact-list\contacts.odb' has been recovered (tr. 3-3)

[2013-08-13 04:00:03 #2 store] 
Database 'C:\Users\Yuriy\contact-list\contacts.odb' is opened by 8292@yuriy-pc

[2013-08-13 04:00:03 #3 type] 
Type com.ru.reksoft.contacts.Contact is not enhanced.

[2013-08-13 04:00:03 #4 type] 
Type com.ru.reksoft.contacts.Contact$PNumber is not enhanced.

[2013-08-13 04:00:19 #5 type.registry] 
New type java.util.LinkedList<java.lang.Object>

[2013-08-13 04:00:19 #6 type.registry] 
New type java.util.LinkedList<com.ru.reksoft.contacts.Contact$PNumber>

------------------------------------------------------------------------------------------------------------------------

[2013-08-13 04:02:18 #1 store] 
Database 'C:\Users\Yuriy\contact-list\contacts.odb' has been recovered (tr. 4-6)

[2013-08-13 04:02:19 #2 store] 
Database 'C:\Users\Yuriy\contact-list\contacts.odb' is opened by 7396@yuriy-pc

[2013-08-13 04:02:19 #3 type] 
Type com.ru.reksoft.contacts.Contact is not enhanced.

[2013-08-13 04:02:19 #4 type] 
Type com.ru.reksoft.contacts.Contact$PNumber is not enhanced.

------------------------------------------------------------------------------------------------------------------------

[2013-08-13 04:02:58 #1 store] 
Database 'C:\Users\Yuriy\contact-list\contacts.odb' has been recovered (tr. 7-7)

[2013-08-13 04:02:58 #2 store] 
Database 'C:\Users\Yuriy\contact-list\contacts.odb' is opened by 7716@yuriy-pc

[2013-08-13 04:02:59 #3 type] 
Type com.ru.reksoft.contacts.Contact is not enhanced.

[2013-08-13 04:02:59 #4 type] 
Type com.ru.reksoft.contacts.Contact$PNumber is not enhanced.

------------------------------------------------------------------------------------------------------------------------

[2013-08-13 04:05:24 #1 store] 
Database 'C:\Users\Yuriy\contact-list\contacts.odb' is opened by 7988@yuriy-pc

[2013-08-13 04:05:24 #2 type] 
Type com.ru.reksoft.contacts.Contact is not enhanced.

[2013-08-13 04:05:24 #3 type] 
Type com.ru.reksoft.contacts.Contact$PNumber is not enhanced.

------------------------------------------------------------------------------------------------------------------------

[2013-08-13 04:14:30 #1 store] 
Database 'C:\Users\Yuriy\contact-list\contacts.odb' is opened by 2460@yuriy-pc

[2013-08-13 04:14:30 #2 type] 
Type com.ru.reksoft.contacts.Contact is not enhanced.

[2013-08-13 04:14:30 #3 type] 
Type com.ru.reksoft.contacts.Contact$PNumber is not enhanced.

------------------------------------------------------------------------------------------------------------------------

[2013-08-13 04:22:00 #1 store] 
Database 'C:\Users\Yuriy\contact-list\contacts.odb' is opened by 1124@yuriy-pc

[2013-08-13 04:22:00 #2 type] 
Type com.ru.reksoft.contacts.Contact is not enhanced.

[2013-08-13 04:22:00 #3 type] 
Type com.ru.reksoft.contacts.Contact$PNumber is not enhanced.

------------------------------------------------------------------------------------------------------------------------

[2013-08-13 04:33:39 #1 store] 
Database 'C:\Users\Yuriy\contact-list\contacts.odb' is opened by 3416@yuriy-pc

[2013-08-13 04:33:40 #2 type] 
Type com.ru.reksoft.contacts.Contact is not enhanced.

[2013-08-13 04:33:40 #3 type] 
Type com.ru.reksoft.contacts.Contact$PNumber is not enhanced.

------------------------------------------------------------------------------------------------------------------------

[2013-08-13 04:34:04 #1 store] 
Database 'C:\Users\Yuriy\contact-list\contacts.odb' has been recovered (tr. 9-9)

[2013-08-13 04:34:05 #2 store] 
Database 'C:\Users\Yuriy\contact-list\contacts.odb' is opened by 2056@yuriy-pc

[2013-08-13 04:34:05 #3 type] 
Type com.ru.reksoft.contacts.Contact is not enhanced.

[2013-08-13 04:34:05 #4 type] 
Type com.ru.reksoft.contacts.Contact$PNumber is not enhanced.

